Arguments: 
  /usr/local/Cellar/node/10.11.0/bin/node /usr/local/bin/yarn install

PATH: 
  /usr/local/opt/icu4c/sbin:/usr/local/opt/icu4c/bin:/Library/Frameworks/Python.framework/Versions/3.6/bin:/usr/local/bin:/usr/bin:/bin:/usr/sbin:/sbin:/Library/Frameworks/Mono.framework/Versions/Current/Commands

Yarn version: 
  1.12.3

Node version: 
  10.11.0

Platform: 
  darwin x64

Trace: 
  SyntaxError: /Users/mac88/Desktop/react-discovery-v2/src/user/client/package.json: Unexpected token } in JSON at position 480
      at JSON.parse (<anonymous>)
      at /usr/local/lib/node_modules/yarn/lib/cli.js:1631:59
      at Generator.next (<anonymous>)
      at step (/usr/local/lib/node_modules/yarn/lib/cli.js:304:30)
      at /usr/local/lib/node_modules/yarn/lib/cli.js:315:13

npm manifest: 
  {
    "name": "discovery",
    "version": "1.0.0",
    "description": "new discovery with react",
    "main": "index.js",
    "author": "rpf5573",
    "license": "MIT",
    "dependencies": {
      "@babel/polyfill": "^7.0.0",
      "axios": "^0.18.0",
      "classnames": "^2.2.6",
      "date-utils": "^1.2.21",
      "react": "^16.6.3",
      "react-dom": "^16.6.3",
      "react-redux": "^6.0.0",
      "react-transition-group": "^2.5.0",
      "redux": "^4.0.1",
      "redux-devtools-extension": "^2.13.7",
    },
    "devDependencies": {
      "@babel/cli": "^7.2.0",
      "@babel/core": "^7.2.0",
      "@babel/plugin-proposal-class-properties": "^7.2.1",
      "@babel/preset-env": "^7.2.0",
      "@babel/preset-react": "^7.0.0",
      "babel-loader": "^8.0.4",
      "css-loader": "^1.0.1",
      "mini-css-extract-plugin": "^0.5.0",
      "node-sass": "^4.11.0",
      "sass-loader": "^7.1.0",
      "style-loader": "^0.23.1",
      "webpack": "^4.27.1",
      "webpack-cli": "^3.1.2",
      "webpack-dev-server": "^3.1.10"
    },
    "scripts": {
      "build": "webpack",
      "start": "webpack-dev-server --open"
    }
  }

yarn manifest: 
  No manifest

Lockfile: 
  No lockfile
